<?xml version="1.0" encoding="UTF-8"?>
<testng-results ignored="0" total="2" passed="2" failed="0" skipped="0">
  <reporter-output>
  </reporter-output>
  <suite started-at="2024-11-02T16:07:43 IST" name="Default suite" finished-at="2024-11-02T16:08:27 IST" duration-ms="43209">
    <groups>
      <group name="Purchase">
        <method signature="SubmitOrderTest.submitOrder(java.util.HashMap)[pri:0, instance:zeeshan.SeleniumFramewordDesign.tests.SubmitOrderTest@65fb9ffc]" name="submitOrder" class="zeeshan.SeleniumFramewordDesign.tests.SubmitOrderTest"/>
      </group> <!-- Purchase -->
    </groups>
    <test started-at="2024-11-02T16:07:43 IST" name="Default test" finished-at="2024-11-02T16:08:27 IST" duration-ms="43209">
      <class name="zeeshan.SeleniumFramewordDesign.tests.SubmitOrderTest">
        <test-method is-config="true" signature="launchApplication()[pri:0, instance:zeeshan.SeleniumFramewordDesign.tests.SubmitOrderTest@65fb9ffc]" started-at="2024-11-02T16:07:44 IST" name="launchApplication" finished-at="2024-11-02T16:07:49 IST" duration-ms="4752" status="PASS">
          <reporter-output>
          </reporter-output>
        </test-method> <!-- launchApplication -->
        <test-method signature="submitOrder(java.util.HashMap)[pri:0, instance:zeeshan.SeleniumFramewordDesign.tests.SubmitOrderTest@65fb9ffc]" started-at="2024-11-02T16:07:49 IST" name="submitOrder" data-provider="getData" finished-at="2024-11-02T16:08:05 IST" duration-ms="16285" status="PASS">
          <params>
            <param index="0">
              <value>
                <![CDATA[{password=Bangalore2016@, product=ZARA COAT 3, email=zeeshan.alam7@gmail.com}]]>
              </value>
            </param>
          </params>
          <reporter-output>
          </reporter-output>
        </test-method> <!-- submitOrder -->
        <test-method is-config="true" signature="tearDown()[pri:0, instance:zeeshan.SeleniumFramewordDesign.tests.SubmitOrderTest@65fb9ffc]" started-at="2024-11-02T16:08:05 IST" name="tearDown" finished-at="2024-11-02T16:08:05 IST" duration-ms="369" status="PASS">
          <reporter-output>
          </reporter-output>
        </test-method> <!-- tearDown -->
        <test-method is-config="true" signature="launchApplication()[pri:0, instance:zeeshan.SeleniumFramewordDesign.tests.SubmitOrderTest@65fb9ffc]" started-at="2024-11-02T16:08:05 IST" name="launchApplication" finished-at="2024-11-02T16:08:10 IST" duration-ms="4766" status="PASS">
          <reporter-output>
          </reporter-output>
        </test-method> <!-- launchApplication -->
        <test-method signature="submitOrder(java.util.HashMap)[pri:0, instance:zeeshan.SeleniumFramewordDesign.tests.SubmitOrderTest@65fb9ffc]" started-at="2024-11-02T16:08:10 IST" name="submitOrder" data-provider="getData" finished-at="2024-11-02T16:08:26 IST" duration-ms="15968" status="PASS">
          <params>
            <param index="0">
              <value>
                <![CDATA[{password=Iamking@000, product=ADIDAS ORIGINAL, email=anshika@gmail.com}]]>
              </value>
            </param>
          </params>
          <reporter-output>
          </reporter-output>
        </test-method> <!-- submitOrder -->
        <test-method is-config="true" signature="tearDown()[pri:0, instance:zeeshan.SeleniumFramewordDesign.tests.SubmitOrderTest@65fb9ffc]" started-at="2024-11-02T16:08:26 IST" name="tearDown" finished-at="2024-11-02T16:08:27 IST" duration-ms="449" status="PASS">
          <reporter-output>
          </reporter-output>
        </test-method> <!-- tearDown -->
      </class> <!-- zeeshan.SeleniumFramewordDesign.tests.SubmitOrderTest -->
    </test> <!-- Default test -->
  </suite> <!-- Default suite -->
</testng-results>
